Rendered mailer/normal_email.html (1.3ms)
Rendered mailer/normal_email.text (0.2ms)
Compiled email  (0ms)  (pid 26125)
Compiled other.css  (0ms)  (pid 26134)
Rendered mailer/extra_email.html.erb (4.1ms)
Rendered mailer/normal_email.html (1.4ms)
Rendered mailer/normal_email.text (0.2ms)
Rendered mailer/normal_email.html (1.3ms)
Rendered mailer/normal_email.text (0.2ms)
Rendered mailer/extra_email.html.erb (3.0ms)
Rendered mailer/normal_email.html (1.3ms)
Rendered mailer/normal_email.text (0.2ms)
Rendered mailer/normal_email.html (1.3ms)
Rendered mailer/normal_email.text (0.2ms)
Rendered mailer/extra_email.html.erb (3.0ms)
Rendered mailer/normal_email.html (1.3ms)
Rendered mailer/normal_email.text (0.2ms)
Rendered mailer/normal_email.html (1.3ms)
Rendered mailer/normal_email.text (0.2ms)
Rendered mailer/extra_email.html.erb (3.0ms)
Rendered mailer/normal_email.html (1.4ms)
Rendered mailer/normal_email.text (0.2ms)
Rendered mailer/normal_email.html (1.4ms)
Rendered mailer/normal_email.text (0.2ms)
Rendered mailer/extra_email.html.erb (3.0ms)
Rendered mailer/normal_email.html (1.4ms)
Rendered mailer/normal_email.text (0.2ms)
Rendered mailer/normal_email.html (1.3ms)
Rendered mailer/normal_email.text (0.2ms)
Rendered mailer/extra_email.html.erb (3.1ms)
Rendered mailer/normal_email.html (1.3ms)
Rendered mailer/normal_email.text (0.2ms)
Rendered mailer/normal_email.html (1.3ms)
Rendered mailer/normal_email.text (0.2ms)
Rendered mailer/extra_email.html.erb (3.1ms)
Rendered mailer/normal_email.html (1.3ms)
Rendered mailer/normal_email.text (0.2ms)
